[2017-07-14 13:11:16] START
[2017-07-14 13:17:57] EDIT farm/models/db.py: 10
[2017-07-14 13:24:13] EDIT farm/models/db.py: 13
[2017-07-14 13:24:40] EDIT farm/models/db.py: 0
[2017-07-14 13:26:28] CREATE products.py: 0
[2017-07-14 13:29:52] EDIT farm/controllers/products.py: 7
[2017-07-14 13:30:08] EDIT farm/controllers/products.py: 0
[2017-07-14 13:35:57] EDIT farm/controllers/products.py: 10
[2017-07-14 13:36:45] EDIT farm/controllers/products.py: 0
[2017-07-14 13:56:59] EDIT farm/controllers/products.py: 15
[2017-07-14 13:58:16] EDIT farm/controllers/products.py: 0
[2017-07-14 13:59:45] EDIT farm/controllers/products.py: 0
[2017-07-14 14:01:07] EDIT farm/controllers/products.py: 0
[2017-07-14 14:14:05] EDIT farm/controllers/products.py: 0
[2017-07-14 14:19:09] EDIT farm/controllers/products.py: 0
[2017-07-14 14:19:12] EDIT farm/controllers/products.py: 0
[2017-07-14 14:21:49] EDIT farm/controllers/products.py: 0
[2017-07-14 14:21:50] EDIT farm/controllers/products.py: 0
[2017-07-14 14:21:52] EDIT farm/controllers/products.py: 0
[2017-07-14 14:22:56] EDIT farm/controllers/products.py: 0
[2017-07-14 14:25:29] EDIT farm/controllers/products.py: 0
[2017-07-14 14:25:38] EDIT farm/controllers/products.py: 0
[2017-07-14 14:27:14] EDIT farm/controllers/products.py: 0
[2017-07-14 14:28:09] EDIT farm/controllers/products.py: 0
[2017-07-14 14:28:28] EDIT farm/controllers/products.py: 0
[2017-07-14 14:28:52] EDIT farm/controllers/products.py: 0
[2017-07-14 14:29:35] EDIT farm/controllers/products.py: 0
[2017-07-14 14:29:56] EDIT farm/controllers/products.py: 0
[2017-07-14 14:33:20] EDIT farm/controllers/products.py: 0
[2017-07-14 14:34:24] EDIT farm/controllers/products.py: 0
[2017-07-14 14:35:05] EDIT farm/controllers/products.py: 0
[2017-07-14 14:35:39] EDIT farm/controllers/products.py: 0
[2017-07-14 14:37:12] EDIT farm/controllers/products.py: 0
[2017-07-14 14:38:11] EDIT farm/controllers/products.py: 0
[2017-07-14 14:39:52] EDIT farm/controllers/products.py: 0
[2017-07-14 14:40:16] EDIT farm/controllers/products.py: 0
[2017-07-14 14:48:47] CREATE products/view.html: 0
