[2017-07-14 14:59:55] START
[2017-07-14 15:02:41] CREATE basics.py: 0
[2017-07-14 15:04:17] EDIT pluralsight/controllers/basics.py: 4
[2017-07-14 15:04:54] CREATE basics/helloworld.html: 0
[2017-07-14 15:06:03] EDIT pluralsight/views/basics/helloworld.html: 2
[2017-07-14 15:07:01] EDIT pluralsight/views/basics/helloworld.html: 3
[2017-07-14 15:21:28] EDIT pluralsight/models/db.py: 8
[2017-07-14 15:22:18] CREATE blog.py: 0
[2017-07-14 15:24:19] EDIT pluralsight/controllers/blog.py: 6
[2017-07-14 15:24:33] EDIT pluralsight/controllers/blog.py: 0
[2017-07-14 15:25:26] CREATE blog/post.html: 0
[2017-07-14 15:26:03] EDIT pluralsight/views/blog/post.html: 0
[2017-07-14 15:30:27] EDIT pluralsight/models/db.py: 0
[2017-07-14 15:37:41] EDIT pluralsight/controllers/blog.py: 10
[2017-07-14 15:38:53] EDIT pluralsight/controllers/blog.py: -6
[2017-07-14 15:38:55] EDIT pluralsight/controllers/blog.py: 0
[2017-07-14 15:40:12] EDIT pluralsight/controllers/blog.py: 0
[2017-07-14 15:42:49] EDIT pluralsight/controllers/blog.py: 0
[2017-07-14 15:43:07] EDIT pluralsight/controllers/blog.py: 0
[2017-07-14 15:49:36] EDIT pluralsight/controllers/blog.py: 2
[2017-07-14 15:49:47] DELETE pluralsight/controllers/basics.py: -5
[2017-07-14 15:50:57] EDIT pluralsight/views/blog/post.html: 8
[2017-07-14 15:51:17] DELETE pluralsight/views/basics/helloworld.html: -8
[2017-07-14 15:55:15] EDIT pluralsight/controllers/blog.py: -10
[2017-07-14 15:58:29] EDIT pluralsight/models/db.py: 0
[2017-07-14 16:04:19] EDIT pluralsight/controllers/blog.py: 6
[2017-07-14 16:06:09] EDIT pluralsight/controllers/blog.py: -2
[2017-07-14 16:07:25] EDIT pluralsight/views/blog/post.html: -8
